<?xml version="1.0" encoding="UTF-8"?>
<TestRun id="b9330f96-2179-419c-adcd-af6f61f24a88" name="Leandro@LEANDRO-NB 2009-03-01 19:24:02" runUser="Leandro-NB\Leandro" xmlns="http://microsoft.com/schemas/VisualStudio/TeamTest/2006">
  <TestRunConfiguration name="Local Test Run" id="53c28d91-0530-4990-8457-052cb9606a0c">
    <Description>This is a default test run configuration for a local test run.</Description>
    <Deployment runDeploymentRoot="C:\Users\Leandro\Artigos\Net Magazine\Validações efetivas com Validation\Solution\NetMag.Validation.Solution\TestResults\Leandro_LEANDRO-NB 2009-03-01 19_24_02">
      <DeploymentItem filename="C:\Program Files\Microsoft Enterprise Library 4.1 - October 2008\Bin\Microsoft.Practices.EnterpriseLibrary.Validation.dll" />
      <DeploymentItem filename="C:\Program Files\Microsoft Enterprise Library 4.1 - October 2008\Bin\Microsoft.Practices.EnterpriseLibrary.Common.dll" />
      <DeploymentItem filename="C:\Users\Leandro\Artigos\Net Magazine\Validações efetivas com Validation\Solution\NetMag.Validation.Solution\NetMag.Validation.Entidades\bin\Debug\NetMag.Validation.Entidades.dll" />
    </Deployment>
    <TestTypeSpecific />
  </TestRunConfiguration>
  <ResultSummary outcome="Inconclusive">
    <Counters total="1" executed="1" error="0" failed="0" timeout="0" aborted="0" inconclusive="1" passedButRunAborted="0" notRunnable="0" notExecuted="0" disconnected="0" warning="0" passed="0" completed="0" inProgress="0" pending="0" />
  </ResultSummary>
  <Times creation="2009-03-01T19:24:02.1360000-03:00" queuing="2009-03-01T19:24:03.6530000-03:00" start="2009-03-01T19:24:04.0570000-03:00" finish="2009-03-01T19:24:05.7810000-03:00" />
  <TestDefinitions>
    <UnitTest name="ParticipanteConstructorTest" storage="c:\users\leandro\artigos\net magazine\validações efetivas com validation\solution\netmag.validation.solution\netmag.validation.entidades.testes\bin\debug\netmag.validation.entidades.testes.dll" id="970541a8-efbd-384a-9eb9-74d42a1d9340">
      <Css projectStructure="" iteration="" />
      <Owners>
        <Owner name="" />
      </Owners>
      <Execution id="2aa9be50-9b5d-45dd-9901-4beee0fa61e5" />
      <TestMethod codeBase="C:\Users\Leandro\Artigos\Net Magazine\Validações efetivas com Validation\Solution\NetMag.Validation.Solution\NetMag.Validation.Entidades.Testes\bin\Debug\NetMag.Validation.Entidades.Testes.dll" adapterTypeName="Microsoft.VisualStudio.TestTools.TestTypes.Unit.UnitTestAdapter, Microsoft.VisualStudio.QualityTools.Tips.UnitTest.Adapter, Version=9.0.0.0, Culture=neutral, PublicKeyToken=b03f5f7f11d50a3a" className="NetMag.Validation.Entidades.Testes.ParticipanteTest, NetMag.Validation.Entidades.Testes" name="ParticipanteConstructorTest" />
    </UnitTest>
  </TestDefinitions>
  <TestLists>
    <TestList name="Results Not in a List" id="8c84fa94-04c1-424b-9868-57a2d4851a1d" />
    <TestList name="All Loaded Results" id="19431567-8539-422a-85d7-44ee4e166bda" />
  </TestLists>
  <TestEntries>
    <TestEntry testId="970541a8-efbd-384a-9eb9-74d42a1d9340" executionId="2aa9be50-9b5d-45dd-9901-4beee0fa61e5" testListId="8c84fa94-04c1-424b-9868-57a2d4851a1d" />
  </TestEntries>
  <Results>
    <UnitTestResult executionId="2aa9be50-9b5d-45dd-9901-4beee0fa61e5" testId="970541a8-efbd-384a-9eb9-74d42a1d9340" testName="ParticipanteConstructorTest" computerName="LEANDRO-NB" duration="00:00:00.4594651" startTime="2009-03-01T19:24:04.2910000-03:00" endTime="2009-03-01T19:24:05.5550000-03:00" testType="13cdc9d9-ddb5-4fa4-a97d-d965ccfc6d4b" outcome="Inconclusive" testListId="8c84fa94-04c1-424b-9868-57a2d4851a1d">
      <Output>
        <DebugTrace>The length of the value must fall within the range "5" (Inclusive) - "100" (Inclusive).The value must match the regular expression "^([a-zA-Z0-9_\-\.]+)@((\[[0-9]{1,3}\.[0-9]{1,3}\.[0-9]{1,3}\.)|(([a-zA-Z0-9\-]+\.)+))([a-zA-Z]{2,4}|[0-9]{1,3})(\]?)$" with options "None".The value must fall within the range "-120" (Year) - "-16" (Year) relative to now.</DebugTrace>
        <ErrorInfo>
          <Message>Assert.Inconclusive failed. TODO: Implement code to verify target</Message>
          <StackTrace>   em NetMag.Validation.Entidades.Testes.ParticipanteTest.ParticipanteConstructorTest() na C:\Users\Leandro\Artigos\Net Magazine\Validações efetivas com Validation\Solution\NetMag.Validation.Solution\NetMag.Validation.Entidades.Testes\ParticipanteTest.cs:linha 96
</StackTrace>
        </ErrorInfo>
      </Output>
    </UnitTestResult>
  </Results>
</TestRun>